Bringing machine 'default' up with 'virtualbox' provider...
==> default: Importing base box 'opscode_ubuntu-14.04'...
[KProgress: 10%[KProgress: 20%[KProgress: 30%[KProgress: 40%[KProgress: 50%[KProgress: 70%[KProgress: 80%[KProgress: 90%[K==> default: Matching MAC address for NAT networking...
==> default: Setting the name of the VM: Chef-project_default_1461076493544_24031
==> default: Clearing any previously set network interfaces...
==> default: Preparing network interfaces based on configuration...
    default: Adapter 1: nat
==> default: Forwarding ports...
    default: 8080 (guest) => 8888 (host) (adapter 1)
    default: 22 (guest) => 2222 (host) (adapter 1)
==> default: Booting VM...
==> default: Waiting for machine to boot. This may take a few minutes...
    default: SSH address: 127.0.0.1:2222
    default: SSH username: vagrant
    default: SSH auth method: private key
    default: 
    default: Vagrant insecure key detected. Vagrant will automatically replace
    default: this with a newly generated keypair for better security.
    default: 
    default: Inserting generated public key within guest...
    default: Removing insecure key from the guest if it's present...
    default: Key inserted! Disconnecting and reconnecting using new SSH key...
==> default: Machine booted and ready!
==> default: Checking for guest additions in VM...
==> default: Mounting shared folders...
    default: /vagrant => /root/chef_jboss/Chef-project
==> default: Installing Chef 12.9.38 Omnibus package...
==> default: ubuntu 14.04 x86_64
==> default: Getting information for chef stable 12.9.38 for ubuntu...
==> default: downloading https://omnitruck-direct.chef.io/stable/chef/metadata?v=12.9.38&p=ubuntu&pv=14.04&m=x86_64
==> default:   to file /tmp/install.sh.1110/metadata.txt
==> default: trying wget...
==> default: sha1	99f26627718a3ea4464ab48f534fb24e3e3e4719
==> default: sha256	255c065a9d23f3dd0df3090206fe4d48451c7d0af0035c237bd21a7d28133f2f
==> default: url	https://packages.chef.io/stable/ubuntu/14.04/chef_12.9.38-1_amd64.deb
==> default: version	12.9.38

==> default: downloaded metadata file looks valid...
==> default: downloading https://packages.chef.io/stable/ubuntu/14.04/chef_12.9.38-1_amd64.deb
==> default:   to file /tmp/install.sh.1110/chef_12.9.38-1_amd64.deb
==> default: trying wget...
==> default: Comparing checksum with sha256sum...
==> default: Installing chef 12.9.38
==> default: installing with dpkg...
==> default: Selecting previously unselected package chef.
==> default: (Reading database ... 38789 files and directories currently installed.)
==> default: Preparing to unpack .../chef_12.9.38-1_amd64.deb ...
==> default: Unpacking chef (12.9.38-1) ...
==> default: Setting up chef (12.9.38-1) ...
==> default: Thank you for installing Chef!
==> default: Running provisioner: chef_client...
==> default: Detected Chef (latest) is already installed
==> default: Creating folder to hold client key...
==> default: Uploading chef client validation key...
==> default: Generating chef JSON and uploading...
==> default: Warning: Chef run list is empty. This may not be what you want.
==> default: Running chef-client...
==> default: stdin: is not a tty
==> default: [2016-04-19T14:36:02+00:00] INFO: Forking chef instance to converge...
==> default: [2016-04-19T14:36:02+00:00] INFO: *** Chef 12.9.38 ***
==> default: [2016-04-19T14:36:02+00:00] INFO: Platform: x86_64-linux
==> default: [2016-04-19T14:36:02+00:00] INFO: Chef-client pid: 1264
==> default: [2016-04-19T14:36:04+00:00] INFO: Client key /etc/chef/client.pem is not present - registering
==> default: [2016-04-19T14:36:05+00:00] INFO: HTTP Request Returned 404 Object Not Found: error
==> default: [2016-04-19T14:36:06+00:00] INFO: Run List is []
==> default: [2016-04-19T14:36:06+00:00] INFO: Run List expands to []
==> default: [2016-04-19T14:36:06+00:00] INFO: Starting Chef Run for server
==> default: [2016-04-19T14:36:06+00:00] INFO: Running start handlers
==> default: [2016-04-19T14:36:06+00:00] INFO: Start handlers complete.
==> default: [2016-04-19T14:36:08+00:00] INFO: Loading cookbooks []
==> default: [2016-04-19T14:36:08+00:00] WARN: Node server has an empty run list.
==> default: [2016-04-19T14:36:08+00:00] INFO: Chef Run complete in 2.375640222 seconds
==> default: [2016-04-19T14:36:08+00:00] INFO: Running report handlers
==> default: [2016-04-19T14:36:08+00:00] INFO: Report handlers complete
==> default: [2016-04-19T14:36:08+00:00] INFO: Sending resource update report (run-id: 1c8e985a-2639-4459-87c7-1dfd24cfae5b)
